size:[32,32] [32,32]
============= wrap ============================
	[0]	[1]	[2]	[3]	[4]	[5]	[6]	[7]	[8]	[9]	[10]	[11]	[12]	[13]	[14]	[15]	[16]	[17]	[18]	[19]	[20]	[21]	[22]	[23]	[24]	[25]	[26]	[27]	[28]	[29]	[30]	[31]	
[0]:	0	0.01	0.02	0.03	0.04	0.05	0.06	0.07	0.08	0.09	0.1	0.11	0.12	0.13	0.14	0.15	0.16	0.17	0.18	0.19	0.2	0.21	0.22	0.23	0.24	0.25	0.26	0.27	0.28	0.29	0.3	0.31	
[1]:	0.2	0.21	0.22	0.23	0.24	0.25	0.26	0.27	0.28	0.29	0.3	0.31	0.32	0.33	0.34	0.35	0.36	0.37	0.38	0.39	0.4	0.41	0.42	0.43	0.44	0.45	0.46	0.47	0.48	0.49	0.5	0.51	
[2]:	0.4	0.41	0.42	0.43	0.44	0.45	0.46	0.47	0.48	0.49	0.5	0.51	0.52	0.53	0.54	0.55	0.56	0.57	0.58	0.59	0.6	0.61	0.62	0.63	0.64	0.65	0.66	0.67	0.68	0.69	0.7	0.71	
[3]:	0.6	0.61	0.62	0.63	0.64	0.65	0.66	0.67	0.68	0.69	0.7	0.71	0.72	0.73	0.74	0.75	0.76	0.77	0.78	0.79	0.8	0.81	0.82	0.83	0.84	0.85	0.86	0.87	0.88	0.89	0.9	0.91	
[4]:	0.8	0.81	0.82	0.83	0.84	0.85	0.86	0.87	0.88	0.89	0.9	0.91	0.92	0.93	0.94	0.95	0.96	0.97	0.98	0.99	1	0.00999987	0.0199999	0.0299999	0.0399998	0.0499998	0.0599998	0.0699998	0.0799998	0.0899998	0.0999998	0.11	
[5]:	0	0.00999999	0.02	0.03	0.04	0.05	0.0599999	0.0699999	0.0799999	0.0899999	0.0999999	0.11	0.12	0.13	0.14	0.15	0.16	0.17	0.18	0.19	0.2	0.21	0.22	0.23	0.24	0.25	0.26	0.27	0.28	0.29	0.3	0.31	
[6]:	0.2	0.21	0.22	0.23	0.24	0.25	0.26	0.27	0.28	0.29	0.3	0.31	0.32	0.33	0.34	0.35	0.36	0.37	0.38	0.39	0.4	0.41	0.42	0.43	0.44	0.45	0.46	0.47	0.48	0.49	0.5	0.51	
[7]:	0.4	0.41	0.42	0.43	0.44	0.45	0.46	0.47	0.48	0.49	0.5	0.51	0.52	0.53	0.54	0.55	0.56	0.57	0.58	0.59	0.6	0.61	0.62	0.63	0.64	0.65	0.66	0.67	0.68	0.69	0.7	0.71	
[8]:	0.6	0.61	0.62	0.63	0.64	0.65	0.66	0.67	0.68	0.69	0.7	0.71	0.72	0.73	0.74	0.75	0.76	0.77	0.78	0.79	0.8	0.81	0.82	0.83	0.84	0.85	0.86	0.87	0.88	0.89	0.9	0.91	
[9]:	0.8	0.81	0.82	0.83	0.84	0.85	0.86	0.87	0.88	0.89	0.9	0.91	0.92	0.93	0.94	0.95	0.96	0.97	0.98	0.99	1	0.00999999	0.02	0.03	0.04	0.05	0.0599999	0.0699999	0.0799999	0.0899999	0.0999999	0.11	
[10]:	0	0.00999999	0.02	0.03	0.04	0.05	0.0599999	0.0699999	0.0799999	0.0899999	0.0999999	0.11	0.12	0.13	0.14	0.15	0.16	0.17	0.18	0.19	0.2	0.21	0.22	0.23	0.24	0.25	0.26	0.27	0.28	0.29	0.3	0.31	
[11]:	0.2	0.21	0.22	0.23	0.24	0.25	0.26	0.27	0.28	0.29	0.3	0.31	0.32	0.33	0.34	0.35	0.36	0.37	0.38	0.39	0.4	0.41	0.42	0.43	0.44	0.45	0.46	0.47	0.48	0.49	0.5	0.51	
[12]:	0.4	0.41	0.42	0.43	0.44	0.45	0.46	0.47	0.48	0.49	0.5	0.51	0.52	0.53	0.54	0.55	0.56	0.57	0.58	0.59	0.6	0.61	0.62	0.63	0.64	0.65	0.66	0.67	0.68	0.69	0.7	0.71	
[13]:	0.6	0.61	0.62	0.63	0.64	0.65	0.66	0.67	0.68	0.69	0.7	0.71	0.72	0.73	0.74	0.75	0.76	0.77	0.78	0.79	0.8	0.81	0.82	0.83	0.84	0.85	0.86	0.87	0.88	0.89	0.9	0.91	
[14]:	0.8	0.81	0.82	0.83	0.84	0.85	0.86	0.87	0.88	0.89	0.9	0.91	0.92	0.93	0.94	0.95	0.96	0.97	0.98	0.99	1	0.00999975	0.0199997	0.0299997	0.0399997	0.0499997	0.0599997	0.0699997	0.0799997	0.0899997	0.0999997	0.11	
[15]:	0	0.00999999	0.02	0.03	0.04	0.05	0.0599999	0.0699999	0.0799999	0.0899999	0.0999999	0.11	0.12	0.13	0.14	0.15	0.16	0.17	0.18	0.19	0.2	0.21	0.22	0.23	0.24	0.25	0.26	0.27	0.28	0.29	0.3	0.31	
[16]:	0.2	0.21	0.22	0.23	0.24	0.25	0.26	0.27	0.28	0.29	0.3	0.31	0.32	0.33	0.34	0.35	0.36	0.37	0.38	0.39	0.4	0.41	0.42	0.43	0.44	0.45	0.46	0.47	0.48	0.49	0.5	0.51	
[17]:	0.4	0.41	0.42	0.43	0.44	0.45	0.46	0.47	0.48	0.49	0.5	0.51	0.52	0.53	0.54	0.55	0.56	0.57	0.58	0.59	0.6	0.61	0.62	0.63	0.64	0.65	0.66	0.67	0.68	0.69	0.7	0.71	
[18]:	0.6	0.61	0.62	0.63	0.64	0.65	0.66	0.67	0.68	0.69	0.7	0.71	0.72	0.73	0.74	0.75	0.76	0.77	0.78	0.79	0.8	0.81	0.82	0.83	0.84	0.85	0.86	0.87	0.88	0.89	0.9	0.91	
[19]:	0.8	0.81	0.82	0.83	0.84	0.85	0.86	0.87	0.88	0.89	0.9	0.91	0.92	0.93	0.94	0.95	0.96	0.97	0.98	0.99	1	0.00999975	0.02	0.0300002	0.0400004	0.0500007	0.0600009	0.0700011	0.0800014	0.0900016	0.100002	0.110002	
[20]:	0	0.0100002	0.0200005	0.0300007	0.0400009	0.0500011	0.0600014	0.0700016	0.0800018	0.0900021	0.100002	0.110003	0.120003	0.130003	0.140003	0.150003	0.160004	0.170004	0.180004	0.190004	0.200005	0.210005	0.220005	0.230005	0.240005	0.250006	0.260006	0.270006	0.280006	0.290007	0.300007	0.310007	
[21]:	0.2	0.210001	0.220001	0.230001	0.240001	0.250001	0.260002	0.270002	0.280002	0.290002	0.300003	0.310003	0.320003	0.330003	0.340003	0.350004	0.360004	0.370004	0.380004	0.390005	0.400005	0.410005	0.420005	0.430006	0.440006	0.450006	0.460006	0.470006	0.480007	0.490007	0.500007	0.510007	
[22]:	0.4	0.41	0.420001	0.430001	0.440001	0.450001	0.460001	0.470002	0.480002	0.490002	0.500002	0.510003	0.520003	0.530003	0.540003	0.550004	0.560004	0.570004	0.580004	0.590004	0.600005	0.610005	0.620005	0.630005	0.640006	0.650006	0.660006	0.670006	0.680007	0.690007	0.700007	0.710007	
[23]:	0.6	0.61	0.62	0.630001	0.640001	0.650001	0.660001	0.670002	0.680002	0.690002	0.700002	0.710002	0.720003	0.730003	0.740003	0.750003	0.760004	0.770004	0.780004	0.790004	0.800004	0.810005	0.820005	0.830005	0.840005	0.850006	0.860006	0.870006	0.880006	0.890007	0.900007	0.910007	
[24]:	0.8	0.81	0.820001	0.830001	0.840001	0.850001	0.860002	0.870002	0.880002	0.890002	0.900002	0.910003	0.920003	0.930003	0.940003	0.950004	0.960004	0.970004	0.980004	0.990005	4.76837e-006	0.010005	0.0200052	0.0300055	0.0400057	0.0500059	0.0600061	0.0700064	0.0800066	0.0900068	0.100007	0.110007	
[25]:	0	0.0100002	0.0200005	0.0300007	0.0400009	0.0500011	0.0600014	0.0700016	0.0800018	0.0900021	0.100002	0.110003	0.120003	0.130003	0.140003	0.150003	0.160004	0.170004	0.180004	0.190004	0.200005	0.210005	0.220005	0.230005	0.240005	0.250006	0.260006	0.270006	0.280006	0.290007	0.300007	0.310007	
[26]:	0.2	0.210001	0.220001	0.230001	0.240001	0.250001	0.260002	0.270002	0.280002	0.290002	0.300003	0.310003	0.320003	0.330003	0.340003	0.350004	0.360004	0.370004	0.380004	0.390005	0.400005	0.410005	0.420005	0.430006	0.440006	0.450006	0.460006	0.470006	0.480007	0.490007	0.500007	0.510007	
[27]:	0.4	0.41	0.420001	0.430001	0.440001	0.450001	0.460001	0.470002	0.480002	0.490002	0.500002	0.510003	0.520003	0.530003	0.540003	0.550004	0.560004	0.570004	0.580004	0.590004	0.600005	0.610005	0.620005	0.630005	0.640006	0.650006	0.660006	0.670006	0.680007	0.690007	0.700007	0.710007	
[28]:	0.6	0.61	0.62	0.630001	0.640001	0.650001	0.660001	0.670002	0.680002	0.690002	0.700002	0.710002	0.720003	0.730003	0.740003	0.750003	0.760004	0.770004	0.780004	0.790004	0.800004	0.810005	0.820005	0.830005	0.840005	0.850006	0.860006	0.870006	0.880006	0.890007	0.900007	0.910007	
[29]:	0.8	0.81	0.820001	0.830001	0.840001	0.850001	0.860002	0.870002	0.880002	0.890002	0.900002	0.910003	0.920003	0.930003	0.940003	0.950004	0.960004	0.970004	0.980004	0.990005	4.76837e-006	0.010005	0.0200052	0.0300055	0.0400057	0.0500059	0.0600061	0.0700064	0.0800066	0.0900068	0.100007	0.110007	
[30]:	0	0.0100002	0.0200005	0.0300007	0.0400009	0.0500011	0.0600014	0.0700016	0.0800018	0.0900021	0.100002	0.110003	0.120003	0.130003	0.140003	0.150003	0.160004	0.170004	0.180004	0.190004	0.200005	0.210005	0.220005	0.230005	0.240005	0.250006	0.260006	0.270006	0.280006	0.290007	0.300007	0.310007	
[31]:	0.2	0.210001	0.220001	0.230001	0.240001	0.250001	0.260002	0.270002	0.280002	0.290002	0.300003	0.310003	0.320003	0.330003	0.340003	0.350004	0.360004	0.370004	0.380004	0.390005	0.400005	0.410005	0.420005	0.430006	0.440006	0.450006	0.460006	0.470006	0.480007	0.490007	0.500007	0.510007	

SUMS: [0,0,0,0]
[0,0,0,0]
[0,0,0,0]
[0,0,0,0]
[0,0,0,0]
[0,0,0,0]
[0,0,0,0]
[0,0,0,0]
[0,0,0,0]
[0,0,0,0]
[0,0,0,0]
[0,0,0,0]
[0,0,0,0]
[0,0,0,0]
[0,0,0,0]
[0,0,0,0]
[0,0,0,0]
[0,0,0,0]
[0,0,0,0]
[0,0,0,0]
[0,0,0,0]
[0,0,0,0]
[0,0,0,0]
[0,0,0,0]
[0,0,0,0]
[0,0,0,0]
[0,0,0,0]
[0,0,0,0]
[0,0,0,0]
[0,0,0,0]
[0,0,0,0]
[0,0,0,0]
[1,1,0,-1]
[1,1,0,-1]
[1,1,0,-1]
[1,1,0,-1]
[1,1,0,-1]
[1,1,0,-1]
[1,1,0,-1]
[1,1,0,-1]
[1,1,0,-1]
[1,1,0,-1]
[0,0,0,-1]
[0,0,0,0]
[0,0,0,0]
[0,0,0,0]
[0,0,0,0]
[0,0,0,0]
[0,0,0,0]
[0,0,0,0]
[0,0,0,0]
[0,0,0,0]
[0,0,0,0]
[0,0,0,0]
[0,0,0,0]
[0,0,0,0]
[0,0,0,0]
[0,0,0,0]
[0,0,0,0]
[0,0,0,0]
[0,0,0,0]
[0,0,0,0]
[0,0,0,0]
[0,0,0,0]
[0,0,0,0]
[0,0,0,0]
[0,0,0,0]
[0,0,0,0]
[0,0,0,0]
[0,0,0,0]
[0,0,0,0]
[0,0,0,0]
[0,0,0,0]
[0,0,0,0]
[0,1,-1,0]
[1,1,0,-1]
[1,1,0,-1]
[1,1,0,-1]
[1,1,0,-1]
[1,1,0,-1]
[0,0,0,0]
[0,0,0,0]
[0,0,0,0]
[0,0,0,0]
[0,0,0,0]
[0,0,0,0]
[0,0,0,0]
[0,0,0,0]
[0,0,0,0]
[0,0,0,0]
[0,0,0,0]
[0,0,0,0]
[0,0,0,0]
[0,0,0,0]
[0,0,0,0]
[0,0,0,0]
[0,0,0,0]
[0,0,0,0]
[0,0,0,0]
[0,0,0,0]
[0,0,0,0]
[0,0,0,0]
[0,0,0,0]
[0,0,0,0]
[0,0,0,0]
[0,0,0,0]
[0,0,0,0]
[0,0,0,0]
[0,0,0,0]
[0,0,0,0]
[0,0,0,0]
[0,0,0,0]
[1,1,0,-1]
[1,1,0,-1]
[1,1,0,-1]
[1,1,0,-1]
[1,1,0,-1]
[1,1,0,-1]
[1,1,0,-1]
[1,1,0,-1]
[1,1,0,-1]
[1,1,0,-1]
[0,0,0,-1]
[0,0,0,0]
[0,0,0,0]
[0,0,0,0]
[0,0,0,0]
[0,0,0,0]
[0,0,0,0]
[0,0,0,0]
[0,0,0,0]
[0,0,0,0]
[0,0,0,0]
[0,0,0,0]
[0,0,0,0]
[0,0,0,0]
[0,0,0,0]
[0,0,0,0]
[0,0,0,0]
[0,0,0,0]
[0,0,0,0]
[0,0,0,0]
[0,0,0,0]
[0,0,0,0]
[0,0,0,0]
[0,0,0,0]
[0,0,0,0]
[0,0,0,0]
[0,0,0,0]
[0,0,0,0]
[0,0,0,0]
[0,0,0,0]
[0,0,0,0]
[0,0,0,0]
[0,1,-1,0]
[1,1,0,-1]
[1,1,0,-1]
[1,1,0,-1]
[1,1,0,-1]
[1,1,0,-1]
[0,0,0,0]
[0,0,0,0]
[0,0,0,0]
[0,0,0,0]
[0,0,0,0]
[0,0,0,0]
[0,0,0,0]
[0,0,0,0]
[0,0,0,0]
[0,0,0,0]
[0,0,0,0]
[0,0,0,0]
[0,0,0,0]
[0,0,0,0]
[0,0,0,0]
[0,0,0,0]
[0,0,0,0]
[0,0,0,0]
[0,0,0,0]
[0,0,0,0]
[0,0,0,0]
[0,0,0,0]
[0,0,0,0]
[0,0,0,0]
[0,0,0,0]
[0,0,0,0]
[0,0,0,0]
[0,0,0,0]
[0,0,0,0]
[0,0,0,0]
[0,0,0,0]
[0,0,0,0]
[1,1,0,-1]
[1,1,0,-1]
[1,1,0,-1]
[1,1,0,-1]
[1,1,0,-1]
[1,1,0,-1]
[1,1,0,-1]
[1,1,0,-1]
[1,1,0,-1]
[1,1,0,-1]
[0,0,0,0]
[0,0,0,0]
[0,0,0,0]
[0,0,0,0]
[0,0,0,0]
[0,0,0,0]
[0,0,0,0]
[0,0,0,0]
[0,0,0,0]
[0,0,0,0]
[0,0,0,0]
[0,0,0,0]
[0,0,0,0]
[0,0,0,0]
[0,0,0,0]
[0,0,0,0]
[0,0,0,0]
[0,0,0,0]
[0,0,0,0]
[0,0,0,0]
[0,0,0,0]
[0,0,0,0]
[0,0,0,0]
[0,0,0,0]
[0,0,0,0]
[0,0,0,0]
[0,0,0,0]
[0,0,0,0]
[0,0,0,0]
[0,0,0,0]
[0,0,0,0]
[0,0,0,0]
[1,1,0,-1]
[1,1,0,-1]
[1,1,0,-1]
[1,1,0,-1]
[1,1,0,-1]
[1,1,0,-1]
[0,0,0,0]
[0,0,0,0]
[0,0,0,0]
[0,0,0,0]
[0,0,0,0]
[0,0,0,0]
[0,0,0,0]
[0,0,0,0]
[0,0,0,0]
[0,0,0,0]
[0,0,0,0]
[0,0,0,0]
[0,0,0,0]
[0,0,0,0]
[0,0,0,0]
[0,0,0,0]
============= GPU wrap ============================
	[0]	[1]	[2]	[3]	[4]	[5]	[6]	[7]	[8]	[9]	[10]	[11]	[12]	[13]	[14]	[15]	[16]	[17]	[18]	[19]	[20]	[21]	[22]	[23]	[24]	[25]	[26]	[27]	[28]	[29]	[30]	[31]	
[0]:	0	0.01	0.02	0.03	0.04	0.05	0.06	0.07	0.08	0.09	0.1	0.11	0.12	0.13	0.14	0.15	0.16	0.17	0.18	0.19	0.2	0.21	0.22	0.23	0.24	0.25	0.26	0.27	0.28	0.29	0.3	0.31	
[1]:	0.2	0.21	0.22	0.23	0.24	0.25	0.26	0.27	0.28	0.29	0.3	0.31	0.32	0.33	0.34	0.35	0.36	0.37	0.38	0.39	0.4	0.41	0.42	0.43	0.44	0.45	0.46	0.47	0.48	0.49	0.5	0.51	
[2]:	0.4	0.41	0.42	0.43	0.44	0.45	0.46	0.47	0.48	0.49	0.5	0.51	0.52	0.53	0.54	0.55	0.56	0.57	0.58	0.59	0.6	0.61	0.62	0.63	0.64	0.65	0.66	0.67	0.68	0.69	0.7	0.71	
[3]:	0.6	0.61	0.62	0.63	0.64	0.65	0.66	0.67	0.68	0.69	0.7	0.71	0.72	0.73	0.74	0.75	0.76	0.77	0.78	0.79	0.8	0.81	0.82	0.83	0.84	0.85	0.86	0.87	0.88	0.89	0.9	0.91	
[4]:	0.8	0.81	0.82	0.83	0.84	0.85	0.86	0.87	0.88	0.89	0.9	0.91	0.92	0.93	0.94	0.95	0.96	0.97	0.98	0.99	1	0.00999987	0.0199999	0.0299999	0.0399998	0.0499998	0.0599998	0.0699998	0.0799998	0.0899998	0.0999998	0.11	
[5]:	0	0.00999999	0.02	0.03	0.04	0.05	0.0599999	0.0699999	0.0799999	0.0899999	0.0999999	0.11	0.12	0.13	0.14	0.15	0.16	0.17	0.18	0.19	0.2	0.21	0.22	0.23	0.24	0.25	0.26	0.27	0.28	0.29	0.3	0.31	
[6]:	0.2	0.21	0.22	0.23	0.24	0.25	0.26	0.27	0.28	0.29	0.3	0.31	0.32	0.33	0.34	0.35	0.36	0.37	0.38	0.39	0.4	0.41	0.42	0.43	0.44	0.45	0.46	0.47	0.48	0.49	0.5	0.51	
[7]:	0.4	0.41	0.42	0.43	0.44	0.45	0.46	0.47	0.48	0.49	0.5	0.51	0.52	0.53	0.54	0.55	0.56	0.57	0.58	0.59	0.6	0.61	0.62	0.63	0.64	0.65	0.66	0.67	0.68	0.69	0.7	0.71	
[8]:	0.6	0.61	0.62	0.63	0.64	0.65	0.66	0.67	0.68	0.69	0.7	0.71	0.72	0.73	0.74	0.75	0.76	0.77	0.78	0.79	0.8	0.81	0.82	0.83	0.84	0.85	0.86	0.87	0.88	0.89	0.9	0.91	
[9]:	0.8	0.81	0.82	0.83	0.84	0.85	0.86	0.87	0.88	0.89	0.9	0.91	0.92	0.93	0.94	0.95	0.96	0.97	0.98	0.99	1	0.00999999	0.02	0.03	0.04	0.05	0.0599999	0.0699999	0.0799999	0.0899999	0.0999999	0.11	
[10]:	0	0.00999999	0.02	0.03	0.04	0.05	0.0599999	0.0699999	0.0799999	0.0899999	0.0999999	0.11	0.12	0.13	0.14	0.15	0.16	0.17	0.18	0.19	0.2	0.21	0.22	0.23	0.24	0.25	0.26	0.27	0.28	0.29	0.3	0.31	
[11]:	0.2	0.21	0.22	0.23	0.24	0.25	0.26	0.27	0.28	0.29	0.3	0.31	0.32	0.33	0.34	0.35	0.36	0.37	0.38	0.39	0.4	0.41	0.42	0.43	0.44	0.45	0.46	0.47	0.48	0.49	0.5	0.51	
[12]:	0.4	0.41	0.42	0.43	0.44	0.45	0.46	0.47	0.48	0.49	0.5	0.51	0.52	0.53	0.54	0.55	0.56	0.57	0.58	0.59	0.6	0.61	0.62	0.63	0.64	0.65	0.66	0.67	0.68	0.69	0.7	0.71	
[13]:	0.6	0.61	0.62	0.63	0.64	0.65	0.66	0.67	0.68	0.69	0.7	0.71	0.72	0.73	0.74	0.75	0.76	0.77	0.78	0.79	0.8	0.81	0.82	0.83	0.84	0.85	0.86	0.87	0.88	0.89	0.9	0.91	
[14]:	0.8	0.81	0.82	0.83	0.84	0.85	0.86	0.87	0.88	0.89	0.9	0.91	0.92	0.93	0.94	0.95	0.96	0.97	0.98	0.99	1	0.00999975	0.0199997	0.0299997	0.0399997	0.0499997	0.0599997	0.0699997	0.0799997	0.0899997	0.0999997	0.11	
[15]:	0	0.00999999	0.02	0.03	0.04	0.05	0.0599999	0.0699999	0.0799999	0.0899999	0.0999999	0.11	0.12	0.13	0.14	0.15	0.16	0.17	0.18	0.19	0.2	0.21	0.22	0.23	0.24	0.25	0.26	0.27	0.28	0.29	0.3	0.31	
[16]:	0.2	0.21	0.22	0.23	0.24	0.25	0.26	0.27	0.28	0.29	0.3	0.31	0.32	0.33	0.34	0.35	0.36	0.37	0.38	0.39	0.4	0.41	0.42	0.43	0.44	0.45	0.46	0.47	0.48	0.49	0.5	0.51	
[17]:	0.4	0.41	0.42	0.43	0.44	0.45	0.46	0.47	0.48	0.49	0.5	0.51	0.52	0.53	0.54	0.55	0.56	0.57	0.58	0.59	0.6	0.61	0.62	0.63	0.64	0.65	0.66	0.67	0.68	0.69	0.7	0.71	
[18]:	0.6	0.61	0.62	0.63	0.64	0.65	0.66	0.67	0.68	0.69	0.7	0.71	0.72	0.73	0.74	0.75	0.76	0.77	0.78	0.79	0.8	0.81	0.82	0.83	0.84	0.85	0.86	0.87	0.88	0.89	0.9	0.91	
[19]:	0.8	0.81	0.82	0.83	0.84	0.85	0.86	0.87	0.88	0.89	0.9	0.91	0.92	0.93	0.94	0.95	0.96	0.97	0.98	0.99	1	0.00999975	0.02	0.0300002	0.0400004	0.0500007	0.0600009	0.0700011	0.0800014	0.0900016	0.100002	0.110002	
[20]:	0	0.0100002	0.0200005	0.0300007	0.0400009	0.0500011	0.0600014	0.0700016	0.0800018	0.0900021	0.100002	0.110003	0.120003	0.130003	0.140003	0.150003	0.160004	0.170004	0.180004	0.190004	0.200005	0.210005	0.220005	0.230005	0.240005	0.250006	0.260006	0.270006	0.280006	0.290007	0.300007	0.310007	
[21]:	0.2	0.210001	0.220001	0.230001	0.240001	0.250001	0.260002	0.270002	0.280002	0.290002	0.300003	0.310003	0.320003	0.330003	0.340003	0.350004	0.360004	0.370004	0.380004	0.390005	0.400005	0.410005	0.420005	0.430006	0.440006	0.450006	0.460006	0.470006	0.480007	0.490007	0.500007	0.510007	
[22]:	0.4	0.41	0.420001	0.430001	0.440001	0.450001	0.460001	0.470002	0.480002	0.490002	0.500002	0.510003	0.520003	0.530003	0.540003	0.550004	0.560004	0.570004	0.580004	0.590004	0.600005	0.610005	0.620005	0.630005	0.640006	0.650006	0.660006	0.670006	0.680007	0.690007	0.700007	0.710007	
[23]:	0.6	0.61	0.62	0.630001	0.640001	0.650001	0.660001	0.670002	0.680002	0.690002	0.700002	0.710002	0.720003	0.730003	0.740003	0.750003	0.760004	0.770004	0.780004	0.790004	0.800004	0.810005	0.820005	0.830005	0.840005	0.850006	0.860006	0.870006	0.880006	0.890007	0.900007	0.910007	
[24]:	0.8	0.81	0.820001	0.830001	0.840001	0.850001	0.860002	0.870002	0.880002	0.890002	0.900002	0.910003	0.920003	0.930003	0.940003	0.950004	0.960004	0.970004	0.980004	0.990005	4.76837e-006	0.010005	0.0200052	0.0300055	0.0400057	0.0500059	0.0600061	0.0700064	0.0800066	0.0900068	0.100007	0.110007	
[25]:	0	0.0100002	0.0200005	0.0300007	0.0400009	0.0500011	0.0600014	0.0700016	0.0800018	0.0900021	0.100002	0.110003	0.120003	0.130003	0.140003	0.150003	0.160004	0.170004	0.180004	0.190004	0.200005	0.210005	0.220005	0.230005	0.240005	0.250006	0.260006	0.270006	0.280006	0.290007	0.300007	0.310007	
[26]:	0.2	0.210001	0.220001	0.230001	0.240001	0.250001	0.260002	0.270002	0.280002	0.290002	0.300003	0.310003	0.320003	0.330003	0.340003	0.350004	0.360004	0.370004	0.380004	0.390005	0.400005	0.410005	0.420005	0.430006	0.440006	0.450006	0.460006	0.470006	0.480007	0.490007	0.500007	0.510007	
[27]:	0.4	0.41	0.420001	0.430001	0.440001	0.450001	0.460001	0.470002	0.480002	0.490002	0.500002	0.510003	0.520003	0.530003	0.540003	0.550004	0.560004	0.570004	0.580004	0.590004	0.600005	0.610005	0.620005	0.630005	0.640006	0.650006	0.660006	0.670006	0.680007	0.690007	0.700007	0.710007	
[28]:	0.6	0.61	0.62	0.630001	0.640001	0.650001	0.660001	0.670002	0.680002	0.690002	0.700002	0.710002	0.720003	0.730003	0.740003	0.750003	0.760004	0.770004	0.780004	0.790004	0.800004	0.810005	0.820005	0.830005	0.840005	0.850006	0.860006	0.870006	0.880006	0.890007	0.900007	0.910007	
[29]:	0.8	0.81	0.820001	0.830001	0.840001	0.850001	0.860002	0.870002	0.880002	0.890002	0.900002	0.910003	0.920003	0.930003	0.940003	0.950004	0.960004	0.970004	0.980004	0.990005	4.76837e-006	0.010005	0.0200052	0.0300055	0.0400057	0.0500059	0.0600061	0.0700064	0.0800066	0.0900068	0.100007	0.110007	
[30]:	0	0.0100002	0.0200005	0.0300007	0.0400009	0.0500011	0.0600014	0.0700016	0.0800018	0.0900021	0.100002	0.110003	0.120003	0.130003	0.140003	0.150003	0.160004	0.170004	0.180004	0.190004	0.200005	0.210005	0.220005	0.230005	0.240005	0.250006	0.260006	0.270006	0.280006	0.290007	0.300007	0.310007	
[31]:	0.2	0.210001	0.220001	0.230001	0.240001	0.250001	0.260002	0.270002	0.280002	0.290002	0.300003	0.310003	0.320003	0.330003	0.340003	0.350004	0.360004	0.370004	0.380004	0.390005	0.400005	0.410005	0.420005	0.430006	0.440006	0.450006	0.460006	0.470006	0.480007	0.490007	0.500007	0.510007	

HOST RESULT: everything all right
